Fri May 27 15:44:05, Info:  Welcome to SeisSol 
Fri May 27 15:44:05, Info:  Copyright (c) 2012-2021, SeisSol Group 
Fri May 27 15:44:05, Info:  Built on: Mar 23 2022 00:05:02 
Fri May 27 15:44:05, Info:  Version: 202103_Sumatra-381-g3cff60a7 
Fri May 27 15:44:05, Info:  Running on: heisenbug 
Fri May 27 15:44:05, Info:  Using OMP with #threads/rank: 16 
Fri May 27 15:44:05, Info:  OpenMP worker affinity (this process): "01234567--|----------|----------|----------|----------|----------|----------|----------|----------|----------|----------|----------|--------89|012345----|----------|----------|----------|----------|----------|----------|----------|----------|----------|----------|----------|------" 
Fri May 27 15:44:05, Info:  OpenMP worker affinity (this node)   : "0123456789|0123456789|0123456789|0123456789|0123456789|0123456789|0123456789|0123456789|0123456789|0123456789|0123456789|0123456789|0123456789|0123456789|0123456789|0123456789|0123456789|0123456789|0123456789|0123456789|0123456789|0123456789|0123456789|0123456789|0123456789|012345" 
Fri May 27 15:44:05, Info:  Using MPI with #ranks: 16 
Fri May 27 15:44:05, Info:  The stack size ulimit is unlimited. 
Rank:        0 | Info    | <--------------------------------------------------------->
Rank:        0 | Info    | <                SeisSol MPI initialization               >
Rank:        0 | Info    | <--------------------------------------------------------->
Rank:        0 | Info    |  Double precision used for real.
Rank:        0 | Info    | <--------------------------------------------------------->
 INFORMATION: The assumed unit number is           6 for stdout and           0 
 for stderr.
              If no information follows, please change the value.
Rank:        0 | Info    | <--------------------------------------------------------->
Rank:        0 | Info    | <     Start ini_SeisSol ...                               >
Rank:        0 | Info    | <--------------------------------------------------------->
Rank:        0 | Info    | <  Parameters read from file: parameters_4b.par              >
Rank:        0 | Info    | <                                                         >
Rank:        0 | Info    | No plasticity assumed. 
Rank:        0 | Info    | No attenuation assumed. 
Rank:        0 | Info    | No adjoint wavefield generated. 
Rank:        0 | Info    | Isotropic material is assumed. 
Rank:        0 | Info    | GPwise initialization. 
Rank:        0 | Info    | Number of pickPoints =            2
Rank:        0 | Info    |  Pickpoints read from recevier_35K_center.dat
Rank:        0 | Info    | Read a PUML mesh file
Rank:        0 | Warning | Ignoring min space order from parameter file, using           4
Rank:        0 | Info    | Volume output is in XDMF format (new implementation)
Rank:        0 | Info    | Output data are generated at delta T=   0.500000000000000     
Rank:        0 | Info    | Number of Record Points =            2
Rank:        0 | Info    | Record Points read from recevier_35K_center.dat
Rank:        0 | Info    | Use HDF5 XdmfWriter backend
Rank:        0 | Info    | Refinement strategy for volume output is Face Extraction :  4 subcells per cell
Fri May 27 15:44:05, Info:  Running mini SeisSol to determine node weight 
Fri May 27 15:44:06, Info:  Node weights: mean = 1.47537  std = 0.113766  min = 1.28209  median = 1.44571  max = 1.73377 
Fri May 27 15:44:06, Info:  Reading PUML mesh ../mesh/mesh2 
Fri May 27 15:44:06, Info:  Found 11416344 cells 
Fri May 27 15:44:10, Info:  Found 1971613 vertices 
Fri May 27 15:44:55, Info:  Computing LTS weights. 
Fri May 27 15:45:46, Info:  Computing LTS weights. Done.  (203590 reductions.)
      Setup: Max:   1.828, Sum:  29.003, Balance:   1.008
   Matching: Max:   3.391, Sum:  54.028, Balance:   1.004
Contraction: Max:   2.069, Sum:  32.648, Balance:   1.014
   InitPart: Max:   0.049, Sum:   0.788, Balance:   1.000
    Project: Max:   0.053, Sum:   0.450, Balance:   1.887
 Initialize: Max:   0.433, Sum:   6.713, Balance:   1.033
      K-way: Max:   2.463, Sum:  39.398, Balance:   1.000
      Remap: Max:   0.008, Sum:   0.126, Balance:   1.000
      Total: Max:  10.348, Sum: 165.541, Balance:   1.000
Fri May 27 15:46:28, Info:  Reading mesh. Done. 
Fri May 27 15:46:29, Info:  Extracting fault information 
Fri May 27 15:46:30, Info:  Mesh initialized in: 143.539 (min: 143.38, max: 143.622)
Fri May 27 15:46:43, Info:  Deriving clusters ids for min. time step width / multiRate: 0.000200645 / 2 
Fri May 27 15:46:44, Info:  Number of elements in time clusters: 
Fri May 27 15:46:44, Info:  0: 3072 
Fri May 27 15:46:44, Info:  1: 1966652 
Fri May 27 15:46:44, Info:  2: 6612659 
Fri May 27 15:46:44, Info:  3: 1911960 
Fri May 27 15:46:44, Info:  4: 591725 
Fri May 27 15:46:44, Info:  5: 213117 
Fri May 27 15:46:44, Info:  6: 78068 
Fri May 27 15:46:44, Info:  7: 31429 
Fri May 27 15:46:44, Info:  8: 7658 
Fri May 27 15:46:44, Info:  9: 4 
Fri May 27 15:46:44, Info:  maximum theoretical speedup (compared to GTS): 5.65474 per cell LTS, 3.90476 with the used clustering. 
Fri May 27 15:46:45, Info:  Number of elements in dynamic rupture time clusters: 
Fri May 27 15:46:45, Info:  0 (dr): 329 
Fri May 27 15:46:45, Info:  1 (dr): 233836 
Fri May 27 15:46:45, Info:  2 (dr): 302635 
Fri May 27 15:46:45, Info:  3 (dr): 0 
Fri May 27 15:46:45, Info:  4 (dr): 0 
Fri May 27 15:46:45, Info:  5 (dr): 0 
Fri May 27 15:46:45, Info:  6 (dr): 0 
Fri May 27 15:46:45, Info:  7 (dr): 0 
Fri May 27 15:46:45, Info:  8 (dr): 0 
Fri May 27 15:46:45, Info:  9 (dr): 0 
Rank:        0 | Info    | Synchronizing copy cell material data.
Rank:        0 | Info    | Initializing element local matrices.
Rank:        0 | Info    | DG initial condition projection... 
Fri May 27 15:46:57, Info:  Using initial condition  "Zero" . 
Rank:        0 | Info    | DG initial condition projection done. 
Rank:        0 | Info    | <--------------------------------------------------------->
Rank:        0 | Info    | <     Start inioutput_SeisSol ...                         >
Rank:        0 | Info    | <--------------------------------------------------------->
Fri May 27 15:46:57, Info:  Initializing free surface integrator. 
Fri May 27 15:46:57, Info:  Initializing free surface integrator. Done. 
Fri May 27 15:46:57, Info:  Initializing XDMF wave field output. 
Fri May 27 15:46:57, Info:  Refinement Strategy is "Divide by 4" 
Fri May 27 15:46:57, Info:  Refinement class initialized 
Fri May 27 15:46:57, Info:  VariableSubsampler initialized 
Fri May 27 15:47:23, Info:  High order output initialized 
Fri May 27 15:47:23, Info:  Initializing XDMF wave field output. Done. 
Fri May 27 15:47:23, Info:  Initializing free surface output. 
Fri May 27 15:47:23, Info:  Finding meshIds for receivers... 
Fri May 27 15:47:23, Info:  Cleaning possible double occurring receivers for MPI... 
Fri May 27 15:47:25, Info:  Initializing free surface output. Done. 
Fri May 27 15:47:25, Info:  Mapping receivers to LTS cells... 
Fri May 27 15:47:25, Info:  Initializing XDMF fault output. 
Fri May 27 15:47:28, Info:  Initializing XDMF fault output. Done. 
Rank:        0 | Info    | <--------------------------------------------------------->
Rank:        0 | Info    | <     Start calc_SeisSol ...                              >
Rank:        0 | Info    | <--------------------------------------------------------->
Fri May 27 15:47:28, Info:  Waiting for last wave field. 
Fri May 27 15:47:28, Info:  Writing wave field at time 0.
Fri May 27 15:47:59, Info:  Writing wave field at time 0. Done.
Fri May 27 15:47:59, Info:  Writing free surface at time 0.
Fri May 27 15:47:59, Info:  Writing free surface at time 0. Done.
Fri May 27 15:48:01, Info:  Writing faultoutput at time 0.
Fri May 27 15:48:15, Info:  Writing faultoutput at time 0. Done.
Fri May 27 15:48:15, Info:  #max-updates since sync:  0  @  0 
Fri May 27 16:17:57, Info:  Waiting for last wave field. 
Fri May 27 16:17:57, Info:  Writing wave field at time 0.5.
Fri May 27 16:18:27, Info:  Writing wave field at time 0.5. Done.
Fri May 27 16:18:27, Info:  Writing free surface at time 0.5.
Fri May 27 16:18:27, Info:  Writing free surface at time 0.5. Done.
Fri May 27 16:18:28, Info:  Writing faultoutput at time 0.5.
Fri May 27 16:18:43, Info:  Writing faultoutput at time 0.5. Done.
Fri May 27 16:18:43, Info:  0.521716 TFLOPS (rank 0: 31.7376 GFLOPS, average over ranks: 32.6072 GFLOPS) 
Fri May 27 16:48:30, Info:  Waiting for last wave field. 
Fri May 27 16:48:30, Info:  Writing wave field at time 1.
Fri May 27 16:49:04, Info:  Writing wave field at time 1. Done.
Fri May 27 16:49:05, Info:  Writing free surface at time 1.
Fri May 27 16:49:05, Info:  Writing free surface at time 1. Done.
Fri May 27 16:49:06, Info:  Writing faultoutput at time 1.
Fri May 27 16:49:21, Info:  Writing faultoutput at time 1. Done.
Fri May 27 16:49:21, Info:  0.526811 TFLOPS (rank 0: 32.0475 GFLOPS, average over ranks: 32.9257 GFLOPS) 
Fri May 27 17:19:06, Info:  Waiting for last wave field. 
Fri May 27 17:19:06, Info:  Writing wave field at time 1.5.
Fri May 27 17:19:38, Info:  Writing wave field at time 1.5. Done.
Fri May 27 17:19:38, Info:  Writing free surface at time 1.5.
Fri May 27 17:19:38, Info:  Writing free surface at time 1.5. Done.
Fri May 27 17:19:39, Info:  Writing faultoutput at time 1.5.
Fri May 27 17:19:53, Info:  Writing faultoutput at time 1.5. Done.
Fri May 27 17:19:53, Info:  0.529173 TFLOPS (rank 0: 32.1912 GFLOPS, average over ranks: 33.0733 GFLOPS) 
Fri May 27 17:49:39, Info:  Waiting for last wave field. 
Fri May 27 17:49:39, Info:  Writing wave field at time 2.
Fri May 27 17:50:10, Info:  Writing wave field at time 2. Done.
Fri May 27 17:50:10, Info:  Writing free surface at time 2.
Fri May 27 17:50:10, Info:  Writing free surface at time 2. Done.
Fri May 27 17:50:11, Info:  Writing faultoutput at time 2.
Fri May 27 17:50:25, Info:  Writing faultoutput at time 2. Done.
Fri May 27 17:50:25, Info:  0.530282 TFLOPS (rank 0: 32.2586 GFLOPS, average over ranks: 33.1426 GFLOPS) 
Fri May 27 18:20:16, Info:  Waiting for last wave field. 
Fri May 27 18:20:16, Info:  Writing wave field at time 2.5.
Fri May 27 18:20:46, Info:  Writing wave field at time 2.5. Done.
Fri May 27 18:20:46, Info:  Writing free surface at time 2.5.
Fri May 27 18:20:46, Info:  Writing free surface at time 2.5. Done.
Fri May 27 18:20:48, Info:  Writing faultoutput at time 2.5.
Fri May 27 18:21:01, Info:  Writing faultoutput at time 2.5. Done.
Fri May 27 18:21:01, Info:  0.530769 TFLOPS (rank 0: 32.2883 GFLOPS, average over ranks: 33.173 GFLOPS) 
Fri May 27 18:50:41, Info:  Waiting for last wave field. 
Fri May 27 18:50:41, Info:  Writing wave field at time 3.
Fri May 27 18:51:12, Info:  Writing wave field at time 3. Done.
Fri May 27 18:51:12, Info:  Writing free surface at time 3.
Fri May 27 18:51:12, Info:  Writing free surface at time 3. Done.
Fri May 27 18:51:13, Info:  Writing faultoutput at time 3.
Fri May 27 18:51:27, Info:  Writing faultoutput at time 3. Done.
Fri May 27 18:51:27, Info:  0.531562 TFLOPS (rank 0: 32.3365 GFLOPS, average over ranks: 33.2226 GFLOPS) 
Fri May 27 19:21:15, Info:  Waiting for last wave field. 
Fri May 27 19:21:15, Info:  Writing wave field at time 3.5.
Fri May 27 19:21:45, Info:  Writing wave field at time 3.5. Done.
Fri May 27 19:21:45, Info:  Writing free surface at time 3.5.
Fri May 27 19:21:45, Info:  Writing free surface at time 3.5. Done.
Fri May 27 19:21:47, Info:  Writing faultoutput at time 3.5.
Fri May 27 19:22:01, Info:  Writing faultoutput at time 3.5. Done.
Fri May 27 19:22:01, Info:  0.531839 TFLOPS (rank 0: 32.3534 GFLOPS, average over ranks: 33.2399 GFLOPS) 
Fri May 27 19:51:50, Info:  Waiting for last wave field. 
Fri May 27 19:51:50, Info:  Writing wave field at time 4.
Fri May 27 19:52:21, Info:  Writing wave field at time 4. Done.
Fri May 27 19:52:21, Info:  Writing free surface at time 4.
Fri May 27 19:52:21, Info:  Writing free surface at time 4. Done.
Fri May 27 19:52:22, Info:  Writing faultoutput at time 4.
Fri May 27 19:52:37, Info:  Writing faultoutput at time 4. Done.
Fri May 27 19:52:37, Info:  0.531949 TFLOPS (rank 0: 32.3601 GFLOPS, average over ranks: 33.2468 GFLOPS) 
Fri May 27 20:22:35, Info:  Waiting for last wave field. 
Fri May 27 20:22:35, Info:  Writing wave field at time 4.5.
Fri May 27 20:23:06, Info:  Writing wave field at time 4.5. Done.
Fri May 27 20:23:06, Info:  Writing free surface at time 4.5.
Fri May 27 20:23:06, Info:  Writing free surface at time 4.5. Done.
Fri May 27 20:23:08, Info:  Writing faultoutput at time 4.5.
Fri May 27 20:23:22, Info:  Writing faultoutput at time 4.5. Done.
Fri May 27 20:23:22, Info:  0.531735 TFLOPS (rank 0: 32.3471 GFLOPS, average over ranks: 33.2334 GFLOPS) 
Fri May 27 20:53:20, Info:  Waiting for last wave field. 
Fri May 27 20:53:20, Info:  Writing wave field at time 5.
Fri May 27 20:53:51, Info:  Writing wave field at time 5. Done.
Fri May 27 20:53:51, Info:  Writing free surface at time 5.
Fri May 27 20:53:51, Info:  Writing free surface at time 5. Done.
Fri May 27 20:53:53, Info:  Writing faultoutput at time 5.
Fri May 27 20:54:07, Info:  Writing faultoutput at time 5. Done.
Fri May 27 20:54:07, Info:  0.531549 TFLOPS (rank 0: 32.3357 GFLOPS, average over ranks: 33.2218 GFLOPS) 
Fri May 27 21:24:07, Info:  Waiting for last wave field. 
Fri May 27 21:24:07, Info:  Writing wave field at time 5.5.
Fri May 27 21:24:38, Info:  Writing wave field at time 5.5. Done.
Fri May 27 21:24:38, Info:  Writing free surface at time 5.5.
Fri May 27 21:24:38, Info:  Writing free surface at time 5.5. Done.
Fri May 27 21:24:39, Info:  Writing faultoutput at time 5.5.
Fri May 27 21:24:53, Info:  Writing faultoutput at time 5.5. Done.
Fri May 27 21:24:53, Info:  0.531391 TFLOPS (rank 0: 32.3261 GFLOPS, average over ranks: 33.212 GFLOPS) 
Fri May 27 21:54:47, Info:  Waiting for last wave field. 
Fri May 27 21:54:47, Info:  Writing wave field at time 6.
Fri May 27 21:55:17, Info:  Writing wave field at time 6. Done.
Fri May 27 21:55:17, Info:  Writing free surface at time 6.
Fri May 27 21:55:17, Info:  Writing free surface at time 6. Done.
Fri May 27 21:55:19, Info:  Writing faultoutput at time 6.
Fri May 27 21:55:33, Info:  Writing faultoutput at time 6. Done.
Fri May 27 21:55:33, Info:  0.531418 TFLOPS (rank 0: 32.3277 GFLOPS, average over ranks: 33.2136 GFLOPS) 
Fri May 27 22:25:25, Info:  Waiting for last wave field. 
Fri May 27 22:25:25, Info:  Writing wave field at time 6.5.
Fri May 27 22:25:56, Info:  Writing wave field at time 6.5. Done.
Fri May 27 22:25:56, Info:  Writing free surface at time 6.5.
Fri May 27 22:25:56, Info:  Writing free surface at time 6.5. Done.
Fri May 27 22:25:57, Info:  Writing faultoutput at time 6.5.
Fri May 27 22:26:11, Info:  Writing faultoutput at time 6.5. Done.
Fri May 27 22:26:11, Info:  0.53146 TFLOPS (rank 0: 32.3303 GFLOPS, average over ranks: 33.2163 GFLOPS) 
Fri May 27 22:55:55, Info:  Waiting for last wave field. 
Fri May 27 22:55:55, Info:  Writing wave field at time 7.
Fri May 27 22:56:26, Info:  Writing wave field at time 7. Done.
Fri May 27 22:56:27, Info:  Writing free surface at time 7.
Fri May 27 22:56:27, Info:  Writing free surface at time 7. Done.
Fri May 27 22:56:28, Info:  Writing faultoutput at time 7.
Fri May 27 22:56:42, Info:  Writing faultoutput at time 7. Done.
Fri May 27 22:56:42, Info:  0.531655 TFLOPS (rank 0: 32.3422 GFLOPS, average over ranks: 33.2284 GFLOPS) 
Fri May 27 23:26:25, Info:  Waiting for last wave field. 
Fri May 27 23:26:25, Info:  Writing wave field at time 7.5.
Fri May 27 23:26:56, Info:  Writing wave field at time 7.5. Done.
Fri May 27 23:26:56, Info:  Writing free surface at time 7.5.
Fri May 27 23:26:56, Info:  Writing free surface at time 7.5. Done.
Fri May 27 23:26:57, Info:  Writing faultoutput at time 7.5.
Fri May 27 23:27:12, Info:  Writing faultoutput at time 7.5. Done.
Fri May 27 23:27:12, Info:  0.531847 TFLOPS (rank 0: 32.3538 GFLOPS, average over ranks: 33.2404 GFLOPS) 
Fri May 27 23:57:01, Info:  Waiting for last wave field. 
Fri May 27 23:57:01, Info:  Writing wave field at time 8.
Fri May 27 23:57:32, Info:  Writing wave field at time 8. Done.
Fri May 27 23:57:32, Info:  Writing free surface at time 8.
Fri May 27 23:57:32, Info:  Writing free surface at time 8. Done.
Fri May 27 23:57:33, Info:  Writing faultoutput at time 8.
Fri May 27 23:57:47, Info:  Writing faultoutput at time 8. Done.
Fri May 27 23:57:47, Info:  0.531907 TFLOPS (rank 0: 32.3575 GFLOPS, average over ranks: 33.2442 GFLOPS) 
Sat May 28 00:27:28, Info:  Waiting for last wave field. 
Sat May 28 00:27:28, Info:  Writing wave field at time 8.5.
Sat May 28 00:27:59, Info:  Writing wave field at time 8.5. Done.
Sat May 28 00:27:59, Info:  Writing free surface at time 8.5.
Sat May 28 00:27:59, Info:  Writing free surface at time 8.5. Done.
Sat May 28 00:28:00, Info:  Writing faultoutput at time 8.5.
Sat May 28 00:28:14, Info:  Writing faultoutput at time 8.5. Done.
Sat May 28 00:28:14, Info:  0.532108 TFLOPS (rank 0: 32.3698 GFLOPS, average over ranks: 33.2568 GFLOPS) 
Sat May 28 00:57:43, Info:  Waiting for last wave field. 
Sat May 28 00:57:43, Info:  Writing wave field at time 9.
Sat May 28 00:58:14, Info:  Writing wave field at time 9. Done.
Sat May 28 00:58:14, Info:  Writing free surface at time 9.
Sat May 28 00:58:14, Info:  Writing free surface at time 9. Done.
Sat May 28 00:58:16, Info:  Writing faultoutput at time 9.
Sat May 28 00:58:30, Info:  Writing faultoutput at time 9. Done.
Sat May 28 00:58:30, Info:  0.532464 TFLOPS (rank 0: 32.3914 GFLOPS, average over ranks: 33.279 GFLOPS) 
Sat May 28 01:28:10, Info:  Waiting for last wave field. 
Sat May 28 01:28:10, Info:  Writing wave field at time 9.5.
Sat May 28 01:28:42, Info:  Writing wave field at time 9.5. Done.
Sat May 28 01:28:42, Info:  Writing free surface at time 9.5.
Sat May 28 01:28:42, Info:  Writing free surface at time 9.5. Done.
Sat May 28 01:28:43, Info:  Writing faultoutput at time 9.5.
Sat May 28 01:28:57, Info:  Writing faultoutput at time 9.5. Done.
Sat May 28 01:28:57, Info:  0.532619 TFLOPS (rank 0: 32.4009 GFLOPS, average over ranks: 33.2887 GFLOPS) 
Sat May 28 01:58:55, Info:  Waiting for last wave field. 
Sat May 28 01:58:55, Info:  Writing wave field at time 10.
Sat May 28 01:59:27, Info:  Writing wave field at time 10. Done.
Sat May 28 01:59:27, Info:  Writing free surface at time 10.
Sat May 28 01:59:27, Info:  Writing free surface at time 10. Done.
Sat May 28 01:59:28, Info:  Writing faultoutput at time 10.
Sat May 28 01:59:43, Info:  Writing faultoutput at time 10. Done.
Sat May 28 01:59:43, Info:  0.532481 TFLOPS (rank 0: 32.3925 GFLOPS, average over ranks: 33.2801 GFLOPS) 
Sat May 28 02:29:21, Info:  Waiting for last wave field. 
Sat May 28 02:29:21, Info:  Writing wave field at time 10.5.
Sat May 28 02:29:55, Info:  Writing wave field at time 10.5. Done.
Sat May 28 02:29:55, Info:  Writing free surface at time 10.5.
Sat May 28 02:29:55, Info:  Writing free surface at time 10.5. Done.
Sat May 28 02:29:57, Info:  Writing faultoutput at time 10.5.
Sat May 28 02:30:11, Info:  Writing faultoutput at time 10.5. Done.
Sat May 28 02:30:11, Info:  0.532593 TFLOPS (rank 0: 32.3992 GFLOPS, average over ranks: 33.287 GFLOPS) 
Sat May 28 03:00:38, Info:  Waiting for last wave field. 
Sat May 28 03:00:38, Info:  Writing wave field at time 11.
Sat May 28 03:01:22, Info:  Writing wave field at time 11. Done.
Sat May 28 03:01:22, Info:  Writing free surface at time 11.
Sat May 28 03:01:22, Info:  Writing free surface at time 11. Done.
Sat May 28 03:01:23, Info:  Writing faultoutput at time 11.
Sat May 28 03:01:38, Info:  Writing faultoutput at time 11. Done.
Sat May 28 03:01:38, Info:  0.531934 TFLOPS (rank 0: 32.3592 GFLOPS, average over ranks: 33.2459 GFLOPS) 
Sat May 28 03:31:57, Info:  Waiting for last wave field. 
Sat May 28 03:31:57, Info:  Writing wave field at time 11.5.
Sat May 28 03:32:33, Info:  Writing wave field at time 11.5. Done.
Sat May 28 03:32:33, Info:  Writing free surface at time 11.5.
Sat May 28 03:32:33, Info:  Writing free surface at time 11.5. Done.
Sat May 28 03:32:33, Info:  Writing faultoutput at time 11.5.
Sat May 28 03:32:49, Info:  Writing faultoutput at time 11.5. Done.
Sat May 28 03:32:49, Info:  0.531528 TFLOPS (rank 0: 32.3345 GFLOPS, average over ranks: 33.2205 GFLOPS) 
Sat May 28 04:03:11, Info:  Waiting for last wave field. 
Sat May 28 04:03:11, Info:  Writing wave field at time 12.
Sat May 28 04:03:42, Info:  Writing wave field at time 12. Done.
Sat May 28 04:03:42, Info:  Writing free surface at time 12.
Sat May 28 04:03:42, Info:  Writing free surface at time 12. Done.
Sat May 28 04:03:44, Info:  Writing faultoutput at time 12.
Sat May 28 04:03:57, Info:  Writing faultoutput at time 12. Done.
Sat May 28 04:03:57, Info:  0.531185 TFLOPS (rank 0: 32.3136 GFLOPS, average over ranks: 33.1991 GFLOPS) 
Sat May 28 04:33:55, Info:  Waiting for last wave field. 
Sat May 28 04:33:55, Info:  Writing wave field at time 12.5.
Sat May 28 04:34:26, Info:  Writing wave field at time 12.5. Done.
Sat May 28 04:34:26, Info:  Writing free surface at time 12.5.
Sat May 28 04:34:26, Info:  Writing free surface at time 12.5. Done.
Sat May 28 04:34:28, Info:  Writing faultoutput at time 12.5.
Sat May 28 04:34:42, Info:  Writing faultoutput at time 12.5. Done.
Sat May 28 04:34:42, Info:  0.531142 TFLOPS (rank 0: 32.311 GFLOPS, average over ranks: 33.1964 GFLOPS) 
Sat May 28 05:04:38, Info:  Waiting for last wave field. 
Sat May 28 05:04:38, Info:  Writing wave field at time 13.
Sat May 28 05:05:08, Info:  Writing wave field at time 13. Done.
Sat May 28 05:05:08, Info:  Writing free surface at time 13.
Sat May 28 05:05:08, Info:  Writing free surface at time 13. Done.
Sat May 28 05:05:10, Info:  Writing faultoutput at time 13.
Sat May 28 05:05:24, Info:  Writing faultoutput at time 13. Done.
Sat May 28 05:05:24, Info:  0.531135 TFLOPS (rank 0: 32.3106 GFLOPS, average over ranks: 33.1959 GFLOPS) 
Sat May 28 05:35:32, Info:  Waiting for last wave field. 
Sat May 28 05:35:32, Info:  Writing wave field at time 13.5.
Sat May 28 05:36:03, Info:  Writing wave field at time 13.5. Done.
Sat May 28 05:36:03, Info:  Writing free surface at time 13.5.
Sat May 28 05:36:03, Info:  Writing free surface at time 13.5. Done.
Sat May 28 05:36:05, Info:  Writing faultoutput at time 13.5.
Sat May 28 05:36:18, Info:  Writing faultoutput at time 13.5. Done.
Sat May 28 05:36:18, Info:  0.530999 TFLOPS (rank 0: 32.3023 GFLOPS, average over ranks: 33.1875 GFLOPS) 
Sat May 28 06:06:10, Info:  Waiting for last wave field. 
Sat May 28 06:06:10, Info:  Writing wave field at time 14.
Sat May 28 06:06:41, Info:  Writing wave field at time 14. Done.
Sat May 28 06:06:41, Info:  Writing free surface at time 14.
Sat May 28 06:06:41, Info:  Writing free surface at time 14. Done.
Sat May 28 06:06:43, Info:  Writing faultoutput at time 14.
Sat May 28 06:06:57, Info:  Writing faultoutput at time 14. Done.
Sat May 28 06:06:57, Info:  0.531034 TFLOPS (rank 0: 32.3044 GFLOPS, average over ranks: 33.1896 GFLOPS) 
Sat May 28 06:37:10, Info:  Waiting for last wave field. 
Sat May 28 06:37:10, Info:  Writing wave field at time 14.5.
Sat May 28 06:37:42, Info:  Writing wave field at time 14.5. Done.
Sat May 28 06:37:42, Info:  Writing free surface at time 14.5.
Sat May 28 06:37:42, Info:  Writing free surface at time 14.5. Done.
Sat May 28 06:37:43, Info:  Writing faultoutput at time 14.5.
Sat May 28 06:37:57, Info:  Writing faultoutput at time 14.5. Done.
Sat May 28 06:37:57, Info:  0.530846 TFLOPS (rank 0: 32.2929 GFLOPS, average over ranks: 33.1779 GFLOPS) 
Sat May 28 06:53:52, Info:  Waiting for last wave field. 
Sat May 28 06:53:52, Info:  Writing wave field at time 15.
Sat May 28 06:54:21, Info:  Writing wave field at time 15. Done.
Sat May 28 06:54:21, Info:  Writing free surface at time 15.
Sat May 28 06:54:21, Info:  Writing free surface at time 15. Done.
Sat May 28 06:54:22, Info:  Writing faultoutput at time 15.
Sat May 28 06:54:31, Info:  Writing faultoutput at time 15. Done.
Sat May 28 06:54:31, Info:  0.539125 TFLOPS (rank 0: 32.7966 GFLOPS, average over ranks: 33.6953 GFLOPS) 
Sat May 28 07:08:25, Info:  Waiting for last wave field. 
Sat May 28 07:08:25, Info:  Writing wave field at time 15.5.
Sat May 28 07:08:53, Info:  Writing wave field at time 15.5. Done.
Sat May 28 07:08:53, Info:  Writing free surface at time 15.5.
Sat May 28 07:08:53, Info:  Writing free surface at time 15.5. Done.
Sat May 28 07:08:54, Info:  Writing faultoutput at time 15.5.
Sat May 28 07:09:03, Info:  Writing faultoutput at time 15.5. Done.
Sat May 28 07:09:03, Info:  0.548306 TFLOPS (rank 0: 33.3551 GFLOPS, average over ranks: 34.2692 GFLOPS) 
Sat May 28 07:22:58, Info:  Waiting for last wave field. 
Sat May 28 07:22:58, Info:  Writing wave field at time 16.
Sat May 28 07:23:26, Info:  Writing wave field at time 16. Done.
Sat May 28 07:23:26, Info:  Writing free surface at time 16.
Sat May 28 07:23:26, Info:  Writing free surface at time 16. Done.
Sat May 28 07:23:27, Info:  Writing faultoutput at time 16.
Sat May 28 07:23:36, Info:  Writing faultoutput at time 16. Done.
Sat May 28 07:23:36, Info:  0.557197 TFLOPS (rank 0: 33.896 GFLOPS, average over ranks: 34.8248 GFLOPS) 
Sat May 28 07:37:31, Info:  Waiting for last wave field. 
Sat May 28 07:37:31, Info:  Writing wave field at time 16.5.
Sat May 28 07:38:00, Info:  Writing wave field at time 16.5. Done.
Sat May 28 07:38:00, Info:  Writing free surface at time 16.5.
Sat May 28 07:38:00, Info:  Writing free surface at time 16.5. Done.
Sat May 28 07:38:00, Info:  Writing faultoutput at time 16.5.
Sat May 28 07:38:10, Info:  Writing faultoutput at time 16.5. Done.
Sat May 28 07:38:10, Info:  0.565811 TFLOPS (rank 0: 34.42 GFLOPS, average over ranks: 35.3632 GFLOPS) 
Sat May 28 07:52:04, Info:  Waiting for last wave field. 
Sat May 28 07:52:04, Info:  Writing wave field at time 17.
Sat May 28 07:52:32, Info:  Writing wave field at time 17. Done.
Sat May 28 07:52:32, Info:  Writing free surface at time 17.
Sat May 28 07:52:32, Info:  Writing free surface at time 17. Done.
Sat May 28 07:52:33, Info:  Writing faultoutput at time 17.
Sat May 28 07:52:42, Info:  Writing faultoutput at time 17. Done.
Sat May 28 07:52:42, Info:  0.574173 TFLOPS (rank 0: 34.9287 GFLOPS, average over ranks: 35.8858 GFLOPS) 
Sat May 28 08:06:37, Info:  Waiting for last wave field. 
Sat May 28 08:06:37, Info:  Writing wave field at time 17.5.
Sat May 28 08:07:06, Info:  Writing wave field at time 17.5. Done.
Sat May 28 08:07:06, Info:  Writing free surface at time 17.5.
Sat May 28 08:07:06, Info:  Writing free surface at time 17.5. Done.
Sat May 28 08:07:06, Info:  Writing faultoutput at time 17.5.
Sat May 28 08:07:16, Info:  Writing faultoutput at time 17.5. Done.
Sat May 28 08:07:16, Info:  0.58228 TFLOPS (rank 0: 35.4219 GFLOPS, average over ranks: 36.3925 GFLOPS) 
Sat May 28 08:21:11, Info:  Waiting for last wave field. 
Sat May 28 08:21:11, Info:  Writing wave field at time 18.
Sat May 28 08:21:39, Info:  Writing wave field at time 18. Done.
Sat May 28 08:21:39, Info:  Writing free surface at time 18.
Sat May 28 08:21:39, Info:  Writing free surface at time 18. Done.
Sat May 28 08:21:40, Info:  Writing faultoutput at time 18.
Sat May 28 08:21:50, Info:  Writing faultoutput at time 18. Done.
Sat May 28 08:21:50, Info:  0.590144 TFLOPS (rank 0: 35.9003 GFLOPS, average over ranks: 36.884 GFLOPS) 
Sat May 28 08:35:45, Info:  Waiting for last wave field. 
Sat May 28 08:35:45, Info:  Writing wave field at time 18.5.
Sat May 28 08:36:14, Info:  Writing wave field at time 18.5. Done.
Sat May 28 08:36:14, Info:  Writing free surface at time 18.5.
Sat May 28 08:36:14, Info:  Writing free surface at time 18.5. Done.
Sat May 28 08:36:14, Info:  Writing faultoutput at time 18.5.
Sat May 28 08:36:24, Info:  Writing faultoutput at time 18.5. Done.
Sat May 28 08:36:24, Info:  0.597778 TFLOPS (rank 0: 36.3647 GFLOPS, average over ranks: 37.3611 GFLOPS) 
Sat May 28 08:50:18, Info:  Waiting for last wave field. 
Sat May 28 08:50:18, Info:  Writing wave field at time 19.
Sat May 28 08:50:47, Info:  Writing wave field at time 19. Done.
Sat May 28 08:50:47, Info:  Writing free surface at time 19.
Sat May 28 08:50:47, Info:  Writing free surface at time 19. Done.
Sat May 28 08:50:48, Info:  Writing faultoutput at time 19.
Sat May 28 08:50:57, Info:  Writing faultoutput at time 19. Done.
Sat May 28 08:50:57, Info:  0.605206 TFLOPS (rank 0: 36.8165 GFLOPS, average over ranks: 37.8254 GFLOPS) 
Sat May 28 09:04:51, Info:  Waiting for last wave field. 
Sat May 28 09:04:51, Info:  Writing wave field at time 19.5.
Sat May 28 09:05:20, Info:  Writing wave field at time 19.5. Done.
Sat May 28 09:05:20, Info:  Writing free surface at time 19.5.
Sat May 28 09:05:20, Info:  Writing free surface at time 19.5. Done.
Sat May 28 09:05:21, Info:  Writing faultoutput at time 19.5.
Sat May 28 09:05:30, Info:  Writing faultoutput at time 19.5. Done.
Sat May 28 09:05:30, Info:  0.612424 TFLOPS (rank 0: 37.2556 GFLOPS, average over ranks: 38.2765 GFLOPS) 
Sat May 28 09:19:24, Info:  Waiting for last wave field. 
Sat May 28 09:19:24, Info:  Writing wave field at time 20.
Sat May 28 09:19:53, Info:  Writing wave field at time 20. Done.
Sat May 28 09:19:53, Info:  Writing free surface at time 20.
Sat May 28 09:19:53, Info:  Writing free surface at time 20. Done.
Sat May 28 09:19:54, Info:  Writing faultoutput at time 20.
Sat May 28 09:20:03, Info:  Writing faultoutput at time 20. Done.
Sat May 28 09:20:03, Info:  0.619444 TFLOPS (rank 0: 37.6826 GFLOPS, average over ranks: 38.7152 GFLOPS) 
Sat May 28 09:20:03, Info:  Ignoring duplicate synchronisation point at time 20 ; the last sync point was at  20 
Sat May 28 09:20:03, Info:  Ignoring duplicate synchronisation point at time 20 ; the last sync point was at  20 
Sat May 28 09:20:03, Info:  Ignoring duplicate synchronisation point at time 20 ; the last sync point was at  20 
Sat May 28 09:20:03, Info:  Ignoring duplicate synchronisation point at time 20 ; the last sync point was at  20 
Sat May 28 09:20:03, Info:  Elapsed time (via clock_gettime): 63155.3 seconds. 
Sat May 28 09:20:03, Info:  Time spent in compute kernels: mean = 47305.2  std = 5720.5  min = 37240.7  median = 46555.8  max = 58361.6 
Sat May 28 09:20:03, Info:  Load imbalance: 18.9446 % 
Sat May 28 09:20:03, Info:  Regression analysis of compute kernels: 
Sat May 28 09:20:03, Info:  "computeLocalIntegration" ( constant ): 0.00554204 (sample size: 5.66092e+06 , standard error: 1.55573e-10 ) 
Sat May 28 09:20:03, Info:  "computeLocalIntegration" ( per element ): 9.18535e-07 (sample size: 5.66092e+06 , standard error: 1.55573e-10 ) 
Sat May 28 09:20:03, Info:  "computeNeighboringIntegration" ( constant ): 0.00983677 (sample size: 5.66092e+06 , standard error: 1.79768e-10 ) 
Sat May 28 09:20:03, Info:  "computeNeighboringIntegration" ( per element ): 9.32434e-07 (sample size: 5.66092e+06 , standard error: 1.79768e-10 ) 
Sat May 28 09:20:03, Info:  "computeDynamicRupture" ( constant ): 0.00583831 (sample size: 3.4888e+06 , standard error: 2.11919e-09 ) 
Sat May 28 09:20:03, Info:  "computeDynamicRupture" ( per element ): 5.70617e-06 (sample size: 3.4888e+06 , standard error: 2.11919e-09 ) 
Sat May 28 09:20:03, Info:  Total time spent in compute kernels: 756884 
Sat May 28 09:20:03, Info:  Total   measured HW-GFLOP:  0 
Sat May 28 09:20:03, Info:  Total calculated HW-GFLOP:  3.91211e+07 
Sat May 28 09:20:03, Info:  Total calculated NZ-GFLOP:  1.66523e+07 
Sat May 28 09:20:03, Info:  WP calculated HW-GFLOP:  3.65326e+07 
Sat May 28 09:20:03, Info:  WP calculated NZ-GFLOP:  1.44202e+07 
Sat May 28 09:20:03, Info:  DR calculated HW-GFLOP:  2.58853e+06 
Sat May 28 09:20:03, Info:  DR calculated NZ-GFLOP:  2.23206e+06 
Sat May 28 09:20:03, Info:  PL calculated HW-GFLOP:  0 
Sat May 28 09:20:03, Info:  PL calculated NZ-GFLOP:  0 
Rank:        0 | Info    | total number of performed time steps:            0
Rank:        0 | Info    | final time of the simulation:    20.0000000000000     
Rank:        0 | Info    | seismic moment  6.691372453373157E+021 Mw   8.48034346942322     
Rank:        0 | Info    | <--------------------------------------------------------->
Rank:        0 | Info    | <     Start close_SeisSol ...                             >
Rank:        0 | Info    | <--------------------------------------------------------->
Sat May 28 09:20:03, Info:  Time wave field writer backend: 1311.36 (min: 1265.48, max: 1356.21)
Sat May 28 09:20:03, Info:  Time wave field writer frontend: 1315.35 (min: 1269.34, max: 1360.9)
Sat May 28 09:20:03, Info:  Time fault writer backend: 491.333 (min: 464.081, max: 534.163)
Sat May 28 09:20:03, Info:  Time fault writer frontend: 491.34 (min: 464.085, max: 534.169)
Sat May 28 09:20:03, Info:  Time free surface writer backend: 60.1665 (min: 59.9433, max: 60.4173)
Sat May 28 09:20:03, Info:  Time free surface writer frontend: 41.3658 (min: 0.000851411, max: 60.4182)
Sat May 28 09:20:04, Info:  SeisSol done. Goodbye. 
